2026-04-18 13:43:13 [PicGo INFO] Before transform 
2026-04-18 13:43:13 [PicGo INFO] Transforming... Current transformer is [path] 
2026-04-18 13:43:14 [PicGo INFO] Before upload 
2026-04-18 13:43:14 [PicGo INFO] Uploading... Current uploader is [githubPlus] 
2026-04-18 13:43:16 [PicGo SUCCESS] 
https://gitee.com/guohuiyuan112/vid2cat-images/raw/master/images/tmpu27m3wbu.jpg 
2026-04-18 14:14:22 [PicGo INFO] Before transform 
2026-04-18 14:14:22 [PicGo INFO] Transforming... Current transformer is [path] 
2026-04-18 14:14:23 [PicGo INFO] Before upload 
2026-04-18 14:14:23 [PicGo INFO] Uploading... Current uploader is [githubPlus] 
2026-04-18 14:14:26 [PicGo SUCCESS] 
https://gitee.com/guohuiyuan112/vid2cat-images/raw/master/images/tmpvn9ik5fr.png 
2026-04-18 14:16:47 [PicGo INFO] Before transform 
2026-04-18 14:16:47 [PicGo INFO] Transforming... Current transformer is [path] 
2026-04-18 14:16:48 [PicGo INFO] Before upload 
2026-04-18 14:16:48 [PicGo INFO] Uploading... Current uploader is [githubPlus] 
2026-04-18 14:16:50 [PicGo SUCCESS] 
https://gitee.com/guohuiyuan112/vid2cat-images/raw/master/images/tmpejq7c1r3.png 
2026-04-18 14:18:16 [PicGo INFO] Before transform 
2026-04-18 14:18:16 [PicGo INFO] Transforming... Current transformer is [path] 
2026-04-18 14:18:17 [PicGo INFO] Before upload 
2026-04-18 14:18:17 [PicGo INFO] Uploading... Current uploader is [githubPlus] 
2026-04-18 14:18:18 [PicGo SUCCESS] 
https://gitee.com/guohuiyuan112/vid2cat-images/raw/master/images/tmpyz93hhxg.png 
2026-04-18 14:22:10 [PicGo INFO] Before transform 
2026-04-18 14:22:10 [PicGo INFO] Transforming... Current transformer is [path] 
2026-04-18 14:22:11 [PicGo INFO] Before upload 
2026-04-18 14:22:11 [PicGo INFO] Uploading... Current uploader is [githubPlus] 
2026-04-18 14:22:13 [PicGo SUCCESS] 
https://gitee.com/guohuiyuan112/vid2cat-images/raw/master/images/tmpwkkxmeu1.png 
